<?xml version="1.0" encoding="UTF-8"?>
<!-- Generated by org.testng.reporters.JUnitXMLReporter -->
<testsuite ignored="0" hostname="DESKTOP-UA41MGR" failures="0" tests="2" name="Default test" time="7.989" errors="0" timestamp="2021-11-16T11:00:32 GMT-06:00">
  <testcase classname="com.example.DEMO.TESJO.ServicesTest" name="checkEmployeeStatus" time="5.602"/>
  <testcase classname="com.example.DEMO.TESJO.ServicesTest" name="checkInvalidUrlReturns404" time="2.344"/>
</testsuite> <!-- Default test -->
