<?xml version="1.0" encoding="UTF-8"?>
<!-- Generated by org.testng.reporters.JUnitXMLReporter -->
<testsuite ignored="0" hostname="DESKTOP-UA41MGR" failures="0" tests="3" name="Firefox" time="19.363" errors="0" timestamp="2021-11-16T11:42:00 GMT-06:00">
  <testcase classname="com.example.DEMO.TESJO.LoginTest" name="loginExitoso" time="0.478"/>
  <testcase classname="com.example.DEMO.TESJO.LoginTest" name="loginLockedOutUser" time="0.446"/>
  <testcase classname="com.example.DEMO.TESJO.LoginTest" name="loginNoExitoso" time="0.436"/>
</testsuite> <!-- Firefox -->
